<?xml version="1.0" encoding="UTF-8"?>
<!-- Generated by org.testng.reporters.JUnitXMLReporter -->
<testsuite ignored="0" hostname="DESKTOP-S9F8K9E" failures="2" tests="4" name="ChromeTest" time="37.646" errors="0" timestamp="2022-09-30T17:49:51 IST">
  <testcase classname="test.VerifyHomePageButtons" name="verifyToCartButton" time="0.975">
    <failure type="java.lang.AssertionError" message="The following asserts failed:
	expected [https://www.saucedemo.com/cart.htm] but found [https://www.saucedemo.com/cart.html]">
      <![CDATA[java.lang.AssertionError: The following asserts failed:
expected [https://www.saucedemo.com/cart.htm] but found [https://www.saucedemo.com/cart.html]
at test.VerifyHomePageButtons.verifyToCartButton(VerifyHomePageButtons.java:114)
at java.base/java.util.concurrent.ThreadPoolExecutor.runWorker(ThreadPoolExecutor.java:1136)
at java.base/java.util.concurrent.ThreadPoolExecutor$Worker.run(ThreadPoolExecutor.java:635)
at java.base/java.lang.Thread.run(Thread.java:833)
... Removed 12 stack frames]]>
    </failure>
  </testcase> <!-- verifyToCartButton -->
  <testcase classname="test.VerifyHomePageButtons" name="verifyaddToCartButton" time="0.726">
    <failure type="java.lang.AssertionError" message="The following asserts failed:
	expected [https://www.saucedemo.com/inventory.htm] but found [https://www.saucedemo.com/inventory.html]">
      <![CDATA[java.lang.AssertionError: The following asserts failed:
expected [https://www.saucedemo.com/inventory.htm] but found [https://www.saucedemo.com/inventory.html]
at test.VerifyHomePageButtons.verifyaddToCartButton(VerifyHomePageButtons.java:91)
at java.base/java.util.concurrent.ThreadPoolExecutor.runWorker(ThreadPoolExecutor.java:1136)
at java.base/java.util.concurrent.ThreadPoolExecutor$Worker.run(ThreadPoolExecutor.java:635)
at java.base/java.lang.Thread.run(Thread.java:833)
... Removed 12 stack frames]]>
    </failure>
  </testcase> <!-- verifyaddToCartButton -->
  <testcase classname="test.VerifyOverviewPage" name="verifyCancelButton" time="0.676"/>
  <testcase classname="test.VerifyOverviewPage" name="verifyFinishButton" time="0.339"/>
</testsuite> <!-- ChromeTest -->
