<?xml version="1.0" encoding="UTF-8"?>
<!-- Generated by org.testng.reporters.JUnitXMLReporter -->
<testsuite ignored="0" hostname="DESKTOP-S9F8K9E" failures="0" tests="2" name="Default test" time="0.178" errors="0" timestamp="2022-09-22T11:52:09 IST">
  <testcase classname="test.verifyHomePageButtons" name="@BeforeTest launchMultipleBrowser" time="-1.663827729238E9">
    <failure type="org.testng.TestNGException" message="
Parameter &amp;apos;browser&amp;apos; is required by BeforeTest on method launchMultipleBrowser but has not been marked @Optional or defined
in C:\Users\ADMIN\AppData\Local\Temp\testng-eclipse--222964245\testng-customsuite.xml">
      <![CDATA[org.testng.TestNGException: 
Parameter 'browser' is required by BeforeTest on method launchMultipleBrowser but has not been marked @Optional or defined
in C:\Users\ADMIN\AppData\Local\Temp\testng-eclipse--222964245\testng-customsuite.xml
at org.testng.internal.Parameters.createParams(Parameters.java:270)
at org.testng.internal.Parameters.createParametersForMethod(Parameters.java:358)
at org.testng.internal.Parameters.createParameters(Parameters.java:700)
at org.testng.internal.Parameters.createConfigurationParameters(Parameters.java:168)
at org.testng.internal.ConfigInvoker.invokeConfigurations(ConfigInvoker.java:302)
at org.testng.TestRunner.invokeTestConfigurations(TestRunner.java:637)
at org.testng.TestRunner.beforeRun(TestRunner.java:627)
at org.testng.TestRunner.run(TestRunner.java:589)
at org.testng.SuiteRunner.runTest(SuiteRunner.java:377)
at org.testng.SuiteRunner.runSequentially(SuiteRunner.java:371)
at org.testng.SuiteRunner.privateRun(SuiteRunner.java:332)
at org.testng.SuiteRunner.run(SuiteRunner.java:276)
at org.testng.SuiteRunnerWorker.runSuite(SuiteRunnerWorker.java:53)
at org.testng.SuiteRunnerWorker.run(SuiteRunnerWorker.java:96)
at org.testng.TestNG.runSuitesSequentially(TestNG.java:1212)
at org.testng.TestNG.runSuitesLocally(TestNG.java:1134)
at org.testng.TestNG.runSuites(TestNG.java:1063)
at org.testng.TestNG.run(TestNG.java:1031)
at org.testng.remote.AbstractRemoteTestNG.run(AbstractRemoteTestNG.java:115)
at org.testng.remote.RemoteTestNG.initAndRun(RemoteTestNG.java:251)
at org.testng.remote.RemoteTestNG.main(RemoteTestNG.java:77)
]]>
    </failure>
  </testcase> <!-- @BeforeTest launchMultipleBrowser -->
  <testcase classname="test.verifyHomePageButtons" name="@BeforeClass beforeClass" time="-1.663827729315E9">
    <skipped/>
  </testcase> <!-- @BeforeClass beforeClass -->
  <testcase classname="test.verifyHomePageButtons" name="@BeforeMethod beforeMethod" time="-1.663827729349E9">
    <skipped/>
  </testcase> <!-- @BeforeMethod beforeMethod -->
  <testcase classname="test.verifyHomePageButtons" name="@BeforeMethod beforeMethod" time="-1.663827729371E9">
    <skipped/>
  </testcase> <!-- @BeforeMethod beforeMethod -->
  <testcase classname="test.verifyHomePageButtons" name="@AfterClass clearTheBrowser" time="-1.663827729386E9">
    <skipped/>
  </testcase> <!-- @AfterClass clearTheBrowser -->
  <testcase classname="test.verifyHomePageButtons" name="@AfterTest closeTheBrowser" time="-1.663827729401E9">
    <skipped/>
  </testcase> <!-- @AfterTest closeTheBrowser -->
  <testcase classname="test.verifyHomePageButtons" name="verifyToCartButton" time="0.0">
    <skipped/>
  </testcase> <!-- verifyToCartButton -->
  <testcase classname="test.verifyHomePageButtons" name="verifyaddToCartButton" time="0.0">
    <skipped/>
  </testcase> <!-- verifyaddToCartButton -->
</testsuite> <!-- Default test -->
